0 info it worked if it ends with ok
1 verbose cli [ '/root/.nvm/versions/node/v6.4.0/bin/node',
1 verbose cli   '/usr/local/bin/npm',
1 verbose cli   'run',
1 verbose cli   'lint',
1 verbose cli   '--',
1 verbose cli   '--fix' ]
2 info using npm@3.10.10
3 info using node@v6.4.0
4 verbose run-script [ 'prelint', 'lint', 'postlint' ]
5 info lifecycle wordlist@1.0.0~prelint: wordlist@1.0.0
6 silly lifecycle wordlist@1.0.0~prelint: no script for prelint, continuing
7 info lifecycle wordlist@1.0.0~lint: wordlist@1.0.0
8 verbose lifecycle wordlist@1.0.0~lint: unsafe-perm in lifecycle true
9 verbose lifecycle wordlist@1.0.0~lint: PATH: /usr/local/lib/node_modules/npm/bin/node-gyp-bin:/var/www/wordlist/node_modules/.bin:/root/.nvm/versions/node/v6.4.0/bin:/usr/local/sbin:/usr/local/bin:/usr/sbin:/usr/bin:/sbin:/bin:/usr/games:/usr/local/games:/usr/lib/jvm/java-8-oracle/bin:/usr/lib/jvm/java-8-oracle/db/bin:/usr/lib/jvm/java-8-oracle/jre/bin
10 verbose lifecycle wordlist@1.0.0~lint: CWD: /var/www/wordlist
11 silly lifecycle wordlist@1.0.0~lint: Args: [ '-c',
11 silly lifecycle   'eslint --ext .js,.vue src test/unit test/e2e/specs "--fix"' ]
12 info lifecycle wordlist@1.0.0~lint: Failed to exec lint script
13 verbose stack Error: wordlist@1.0.0 lint: `eslint --ext .js,.vue src test/unit test/e2e/specs "--fix"`
13 verbose stack spawn ENOENT
13 verbose stack     at ChildProcess.<anonymous> (/usr/local/lib/node_modules/npm/lib/utils/spawn.js:33:16)
13 verbose stack     at emitTwo (events.js:106:13)
13 verbose stack     at ChildProcess.emit (events.js:191:7)
13 verbose stack     at maybeClose (internal/child_process.js:852:16)
13 verbose stack     at Process.ChildProcess._handle.onexit (internal/child_process.js:215:5)
14 verbose pkgid wordlist@1.0.0
15 verbose cwd /var/www/wordlist
16 error Linux 2.6.32-042stab127.2
17 error argv "/root/.nvm/versions/node/v6.4.0/bin/node" "/usr/local/bin/npm" "run" "lint" "--" "--fix"
18 error node v6.4.0
19 error npm  v3.10.10
20 error file sh
21 error code ELIFECYCLE
22 error errno ENOENT
23 error syscall spawn
24 error wordlist@1.0.0 lint: `eslint --ext .js,.vue src test/unit test/e2e/specs "--fix"`
24 error spawn ENOENT
25 error Failed at the wordlist@1.0.0 lint script 'eslint --ext .js,.vue src test/unit test/e2e/specs "--fix"'.
25 error Make sure you have the latest version of node.js and npm installed.
25 error If you do, this is most likely a problem with the wordlist package,
25 error not with npm itself.
25 error Tell the author that this fails on your system:
25 error     eslint --ext .js,.vue src test/unit test/e2e/specs "--fix"
25 error You can get information on how to open an issue for this project with:
25 error     npm bugs wordlist
25 error Or if that isn't available, you can get their info via:
25 error     npm owner ls wordlist
25 error There is likely additional logging output above.
26 verbose exit [ 1, true ]
